<?xml version="1.0" encoding="UTF-8"?>
<testsuite name="ValidationUtilsTest" tests="1" skipped="0" failures="0" errors="0" timestamp="2021-11-30T15:57:24" hostname="Jisuui-MacBookPro.local" time="0.114">
  <properties/>
  <testcase name="야구_숫자_1_9_검증" classname="ValidationUtilsTest" time="0.114"/>
  <system-out><![CDATA[]]></system-out>
  <system-err><![CDATA[]]></system-err>
</testsuite>
